*** Using Compiler 'V5.06 update 5 (build 528)', folder: 'C:\AAAAA\ruanjian\keil5\ARM\ARMCC\Bin'
Build target 'Target 1'
compiling dataif.c...
compiling sys.c...
compiling main.c...
compiling MPU6050.c...
compiling PWM.c...
compiling field_weakening.c...
compiling Key.c...
Hardware\Key.c(98): warning:  #1-D: last line of file ends without a newline
  }
Hardware\Key.c: 1 warning, 0 errors
compiling control.c...
compiling FOCparam.c...
compiling AS5600.c...
compiling FOC.c...
linking...
Program Size: Code=28850 RO-data=3510 RW-data=164 ZI-data=3084  
".\Objects\Project.axf" - 0 Error(s), 1 Warning(s).
Build Time Elapsed:  00:00:02
